This file contains any messages produced by compilers while
running configure, to aid debugging if configure makes a mistake.

It was created by HTSlib configure 1.4.1, which was
generated by GNU Autoconf 2.69.  Invocation command line was

  $ ./configure --disable-bz2 --disable-lzma --disable-libcurl

## --------- ##
## Platform. ##
## --------- ##

hostname = tf.lisanwanglab.org
uname -m = x86_64
uname -r = 4.4.0-1114-aws
uname -s = Linux
uname -v = #127-Ubuntu SMP Fri Sep 4 08:41:12 UTC 2020

/usr/bin/uname -p = unknown
/bin/uname -X     = unknown

/bin/arch              = unknown
/usr/bin/arch -k       = unknown
/usr/convex/getsysinfo = unknown
/usr/bin/hostinfo      = unknown
/bin/machine           = unknown
/usr/bin/oslevel       = unknown
/bin/universe          = unknown

PATH: /home/pkuksa/bin
PATH: /home/pkuksa/.local/bin
PATH: /home/pkuksa/perl5/bin
PATH: /mnt/data/bin/samtools-1.9/bin
PATH: /usr/local/sbin
PATH: /usr/local/bin
PATH: /usr/sbin
PATH: /usr/bin
PATH: /sbin
PATH: /bin
PATH: /usr/games
PATH: /usr/local/games
PATH: /snap/bin
PATH: /opt/spark/spark-2.4.0-bin-hadoop2.7/bin
PATH: /mnt/data/bin/htslib-1.7
PATH: /mnt/data/bin/ViennaRNA-2.4.4/bin
PATH: /mnt/data/bin
PATH: /mnt/data/bin/coral-1.1.1/bin
PATH: /mnt/data/bin/vcftools-0.1.16/bin
PATH: /mnt/data/bin/bcftools-1.9/bin
PATH: /mnt/data/bin/bedops_v2.4.36
PATH: /mnt/data/bin/Python-3.6.10/bin
PATH: /home/pkuksa/edirect


## ----------- ##
## Core tests. ##
## ----------- ##

configure:2176: checking for gcc
configure:2192: found /usr/bin/gcc
configure:2203: result: gcc
configure:2432: checking for C compiler version
configure:2441: gcc --version >&5
gcc (Ubuntu 5.4.0-6ubuntu1~16.04.12) 5.4.0 20160609
Copyright (C) 2015 Free Software Foundation, Inc.
This is free software; see the source for copying conditions.  There is NO
warranty; not even for MERCHANTABILITY or FITNESS FOR A PARTICULAR PURPOSE.

configure:2452: $? = 0
configure:2441: gcc -v >&5
Using built-in specs.
COLLECT_GCC=gcc
COLLECT_LTO_WRAPPER=/usr/lib/gcc/x86_64-linux-gnu/5/lto-wrapper
Target: x86_64-linux-gnu
Configured with: ../src/configure -v --with-pkgversion='Ubuntu 5.4.0-6ubuntu1~16.04.12' --with-bugurl=file:///usr/share/doc/gcc-5/README.Bugs --enable-languages=c,ada,c++,java,go,d,fortran,objc,obj-c++ --prefix=/usr --program-suffix=-5 --enable-shared --enable-linker-build-id --libexecdir=/usr/lib --without-included-gettext --enable-threads=posix --libdir=/usr/lib --enable-nls --with-sysroot=/ --enable-clocale=gnu --enable-libstdcxx-debug --enable-libstdcxx-time=yes --with-default-libstdcxx-abi=new --enable-gnu-unique-object --disable-vtable-verify --enable-libmpx --enable-plugin --with-system-zlib --disable-browser-plugin --enable-java-awt=gtk --enable-gtk-cairo --with-java-home=/usr/lib/jvm/java-1.5.0-gcj-5-amd64/jre --enable-java-home --with-jvm-root-dir=/usr/lib/jvm/java-1.5.0-gcj-5-amd64 --with-jvm-jar-dir=/usr/lib/jvm-exports/java-1.5.0-gcj-5-amd64 --with-arch-directory=amd64 --with-ecj-jar=/usr/share/java/eclipse-ecj.jar --enable-objc-gc --enable-multiarch --disable-werror --with-arch-32=i686 --with-abi=m64 --with-multilib-list=m32,m64,mx32 --enable-multilib --with-tune=generic --enable-checking=release --build=x86_64-linux-gnu --host=x86_64-linux-gnu --target=x86_64-linux-gnu
Thread model: posix
gcc version 5.4.0 20160609 (Ubuntu 5.4.0-6ubuntu1~16.04.12) 
configure:2452: $? = 0
configure:2441: gcc -V >&5
gcc: error: unrecognized command line option '-V'
gcc: fatal error: no input files
compilation terminated.
configure:2452: $? = 1
configure:2441: gcc -qversion >&5
gcc: error: unrecognized command line option '-qversion'
gcc: fatal error: no input files
compilation terminated.
configure:2452: $? = 1
configure:2472: checking whether the C compiler works
configure:2494: gcc    conftest.c  >&5
configure:2498: $? = 0
configure:2546: result: yes
configure:2549: checking for C compiler default output file name
configure:2551: result: a.out
configure:2557: checking for suffix of executables
configure:2564: gcc -o conftest    conftest.c  >&5
configure:2568: $? = 0
configure:2590: result: 
configure:2612: checking whether we are cross compiling
configure:2620: gcc -o conftest    conftest.c  >&5
configure:2624: $? = 0
configure:2631: ./conftest
configure:2635: $? = 0
configure:2650: result: no
configure:2655: checking for suffix of object files
configure:2677: gcc -c   conftest.c >&5
configure:2681: $? = 0
configure:2702: result: o
configure:2706: checking whether we are using the GNU C compiler
configure:2725: gcc -c   conftest.c >&5
configure:2725: $? = 0
configure:2734: result: yes
configure:2743: checking whether gcc accepts -g
configure:2763: gcc -c -g  conftest.c >&5
configure:2763: $? = 0
configure:2804: result: yes
configure:2821: checking for gcc option to accept ISO C89
configure:2884: gcc  -c -g -O2  conftest.c >&5
configure:2884: $? = 0
configure:2897: result: none needed
configure:2960: checking for ranlib
configure:2976: found /usr/bin/ranlib
configure:2987: result: ranlib
configure:3064: checking for pkg-config
configure:3082: found /usr/bin/pkg-config
configure:3094: result: /usr/bin/pkg-config
configure:3119: checking pkg-config is at least version 0.9.0
configure:3122: result: yes
configure:3161: checking for special C compiler options needed for large files
configure:3206: result: no
configure:3212: checking for _FILE_OFFSET_BITS value needed for large files
configure:3237: gcc -c -g -O2  conftest.c >&5
configure:3237: $? = 0
configure:3269: result: no
configure:3415: checking shared library type
configure:3435: result: plain .so
configure:3444: checking how to run the C preprocessor
configure:3475: gcc -E  conftest.c
configure:3475: $? = 0
configure:3489: gcc -E  conftest.c
conftest.c:9:28: fatal error: ac_nonexistent.h: No such file or directory
compilation terminated.
configure:3489: $? = 1
configure: failed program was:
| /* confdefs.h */
| #define PACKAGE_NAME "HTSlib"
| #define PACKAGE_TARNAME "htslib"
| #define PACKAGE_VERSION "1.4.1"
| #define PACKAGE_STRING "HTSlib 1.4.1"
| #define PACKAGE_BUGREPORT "samtools-help@lists.sourceforge.net"
| #define PACKAGE_URL "http://www.htslib.org/"
| /* end confdefs.h.  */
| #include <ac_nonexistent.h>
configure:3514: result: gcc -E
configure:3534: gcc -E  conftest.c
configure:3534: $? = 0
configure:3548: gcc -E  conftest.c
conftest.c:9:28: fatal error: ac_nonexistent.h: No such file or directory
compilation terminated.
configure:3548: $? = 1
configure: failed program was:
| /* confdefs.h */
| #define PACKAGE_NAME "HTSlib"
| #define PACKAGE_TARNAME "htslib"
| #define PACKAGE_VERSION "1.4.1"
| #define PACKAGE_STRING "HTSlib 1.4.1"
| #define PACKAGE_BUGREPORT "samtools-help@lists.sourceforge.net"
| #define PACKAGE_URL "http://www.htslib.org/"
| /* end confdefs.h.  */
| #include <ac_nonexistent.h>
configure:3577: checking for grep that handles long lines and -e
configure:3635: result: /bin/grep
configure:3640: checking for egrep
configure:3702: result: /bin/grep -E
configure:3707: checking for ANSI C header files
configure:3727: gcc -c -g -O2  conftest.c >&5
configure:3727: $? = 0
configure:3800: gcc -o conftest -g -O2   conftest.c  >&5
configure:3800: $? = 0
configure:3800: ./conftest
configure:3800: $? = 0
configure:3811: result: yes
configure:3824: checking for sys/types.h
configure:3824: gcc -c -g -O2  conftest.c >&5
configure:3824: $? = 0
configure:3824: result: yes
configure:3824: checking for sys/stat.h
configure:3824: gcc -c -g -O2  conftest.c >&5
configure:3824: $? = 0
configure:3824: result: yes
configure:3824: checking for stdlib.h
configure:3824: gcc -c -g -O2  conftest.c >&5
configure:3824: $? = 0
configure:3824: result: yes
configure:3824: checking for string.h
configure:3824: gcc -c -g -O2  conftest.c >&5
configure:3824: $? = 0
configure:3824: result: yes
configure:3824: checking for memory.h
configure:3824: gcc -c -g -O2  conftest.c >&5
configure:3824: $? = 0
configure:3824: result: yes
configure:3824: checking for strings.h
configure:3824: gcc -c -g -O2  conftest.c >&5
configure:3824: $? = 0
configure:3824: result: yes
configure:3824: checking for inttypes.h
configure:3824: gcc -c -g -O2  conftest.c >&5
configure:3824: $? = 0
configure:3824: result: yes
configure:3824: checking for stdint.h
configure:3824: gcc -c -g -O2  conftest.c >&5
configure:3824: $? = 0
configure:3824: result: yes
configure:3824: checking for unistd.h
configure:3824: gcc -c -g -O2  conftest.c >&5
configure:3824: $? = 0
configure:3824: result: yes
configure:3842: checking for stdlib.h
configure:3842: result: yes
configure:3842: checking for unistd.h
configure:3842: result: yes
configure:3842: checking for sys/param.h
configure:3842: gcc -c -g -O2  conftest.c >&5
configure:3842: $? = 0
configure:3842: result: yes
configure:3862: checking for getpagesize
configure:3862: gcc -o conftest -g -O2   conftest.c  >&5
configure:3862: $? = 0
configure:3862: result: yes
configure:3871: checking for working mmap
configure:4018: gcc -o conftest -g -O2   conftest.c  >&5
configure:4018: $? = 0
configure:4018: ./conftest
configure:4018: $? = 0
configure:4028: result: yes
configure:4039: checking for gmtime_r
configure:4039: gcc -o conftest -g -O2   conftest.c  >&5
configure:4039: $? = 0
configure:4039: result: yes
configure:4051: checking whether fdatasync is declared
configure:4051: gcc -c -g -O2  conftest.c >&5
configure:4051: $? = 0
configure:4051: result: yes
configure:4055: checking for fdatasync
configure:4055: gcc -o conftest -g -O2   conftest.c  >&5
configure:4055: $? = 0
configure:4055: result: yes
configure:4146: checking for library containing log
configure:4177: gcc -o conftest -g -O2   conftest.c  >&5
conftest.c:33:6: warning: conflicting types for built-in function 'log'
 char log ();
      ^
/tmp/ccOqs5pv.o: In function `main':
/mnt/data2/GADB/giggle_github_repo/lib/htslib/conftest.c:37: undefined reference to `log'
collect2: error: ld returned 1 exit status
configure:4177: $? = 1
configure: failed program was:
| /* confdefs.h */
| #define PACKAGE_NAME "HTSlib"
| #define PACKAGE_TARNAME "htslib"
| #define PACKAGE_VERSION "1.4.1"
| #define PACKAGE_STRING "HTSlib 1.4.1"
| #define PACKAGE_BUGREPORT "samtools-help@lists.sourceforge.net"
| #define PACKAGE_URL "http://www.htslib.org/"
| #define STDC_HEADERS 1
| #define HAVE_SYS_TYPES_H 1
| #define HAVE_SYS_STAT_H 1
| #define HAVE_STDLIB_H 1
| #define HAVE_STRING_H 1
| #define HAVE_MEMORY_H 1
| #define HAVE_STRINGS_H 1
| #define HAVE_INTTYPES_H 1
| #define HAVE_STDINT_H 1
| #define HAVE_UNISTD_H 1
| #define HAVE_STDLIB_H 1
| #define HAVE_UNISTD_H 1
| #define HAVE_SYS_PARAM_H 1
| #define HAVE_GETPAGESIZE 1
| #define HAVE_MMAP 1
| #define HAVE_GMTIME_R 1
| #define HAVE_FDATASYNC 1
| /* end confdefs.h.  */
| 
| /* Override any GCC internal prototype to avoid an error.
|    Use char because int might match the return type of a GCC
|    builtin and then its argument prototype would still apply.  */
| #ifdef __cplusplus
| extern "C"
| #endif
| char log ();
| int
| main ()
| {
| return log ();
|   ;
|   return 0;
| }
configure:4177: gcc -o conftest -g -O2   conftest.c -lm   >&5
conftest.c:33:6: warning: conflicting types for built-in function 'log'
 char log ();
      ^
configure:4177: $? = 0
configure:4194: result: -lm
configure:4209: checking for zlib.h
configure:4209: gcc -c -g -O2  conftest.c >&5
configure:4209: $? = 0
configure:4209: result: yes
configure:4218: checking for inflate in -lz
configure:4243: gcc -o conftest -g -O2   conftest.c -lz  -lm  >&5
configure:4243: $? = 0
configure:4252: result: yes
configure:4279: checking for library containing connect
configure:4310: gcc -o conftest -g -O2   conftest.c -lz -lm  >&5
configure:4310: $? = 0
configure:4327: result: none required
configure:4613: WARNING: GCS support not enabled: requires libcurl support
configure:4632: WARNING: S3 support not enabled: requires libcurl support
configure:4866: creating ./config.status

## ---------------------- ##
## Running config.status. ##
## ---------------------- ##

This file was extended by HTSlib config.status 1.4.1, which was
generated by GNU Autoconf 2.69.  Invocation command line was

  CONFIG_FILES    = 
  CONFIG_HEADERS  = 
  CONFIG_LINKS    = 
  CONFIG_COMMANDS = 
  $ ./config.status 

on tf.lisanwanglab.org

config.status:825: creating config.mk
config.status:825: creating htslib.pc.tmp
config.status:825: creating config.h
config.status:995: config.h is unchanged

## ---------------- ##
## Cache variables. ##
## ---------------- ##

ac_cv_c_compiler_gnu=yes
ac_cv_env_CC_set=
ac_cv_env_CC_value=
ac_cv_env_CFLAGS_set=
ac_cv_env_CFLAGS_value=
ac_cv_env_CPPFLAGS_set=
ac_cv_env_CPPFLAGS_value=
ac_cv_env_CPP_set=
ac_cv_env_CPP_value=
ac_cv_env_LDFLAGS_set=
ac_cv_env_LDFLAGS_value=
ac_cv_env_LIBS_set=
ac_cv_env_LIBS_value=
ac_cv_env_PKG_CONFIG_LIBDIR_set=
ac_cv_env_PKG_CONFIG_LIBDIR_value=
ac_cv_env_PKG_CONFIG_PATH_set=
ac_cv_env_PKG_CONFIG_PATH_value=
ac_cv_env_PKG_CONFIG_set=
ac_cv_env_PKG_CONFIG_value=
ac_cv_env_build_alias_set=
ac_cv_env_build_alias_value=
ac_cv_env_host_alias_set=
ac_cv_env_host_alias_value=
ac_cv_env_target_alias_set=
ac_cv_env_target_alias_value=
ac_cv_func_fdatasync=yes
ac_cv_func_getpagesize=yes
ac_cv_func_gmtime_r=yes
ac_cv_func_mmap_fixed_mapped=yes
ac_cv_have_decl_fdatasync_int_=yes
ac_cv_header_inttypes_h=yes
ac_cv_header_memory_h=yes
ac_cv_header_stdc=yes
ac_cv_header_stdint_h=yes
ac_cv_header_stdlib_h=yes
ac_cv_header_string_h=yes
ac_cv_header_strings_h=yes
ac_cv_header_sys_param_h=yes
ac_cv_header_sys_stat_h=yes
ac_cv_header_sys_types_h=yes
ac_cv_header_unistd_h=yes
ac_cv_header_zlib_h=yes
ac_cv_lib_z_inflate=yes
ac_cv_objext=o
ac_cv_path_EGREP='/bin/grep -E'
ac_cv_path_GREP=/bin/grep
ac_cv_path_ac_pt_PKG_CONFIG=/usr/bin/pkg-config
ac_cv_prog_CPP='gcc -E'
ac_cv_prog_ac_ct_CC=gcc
ac_cv_prog_ac_ct_RANLIB=ranlib
ac_cv_prog_cc_c89=
ac_cv_prog_cc_g=yes
ac_cv_search_connect='none required'
ac_cv_search_log=-lm
ac_cv_sys_file_offset_bits=no
ac_cv_sys_largefile_CC=no

## ----------------- ##
## Output variables. ##
## ----------------- ##

CC='gcc'
CFLAGS='-g -O2'
CPP='gcc -E'
CPPFLAGS=''
CRYPTO_LIBS=''
DEFS='-DHAVE_CONFIG_H'
ECHO_C=''
ECHO_N='-n'
ECHO_T=''
EGREP='/bin/grep -E'
EXEEXT=''
GREP='/bin/grep'
LDFLAGS=''
LIBOBJS=''
LIBS='-lz -lm '
LTLIBOBJS=''
OBJEXT='o'
PACKAGE_BUGREPORT='samtools-help@lists.sourceforge.net'
PACKAGE_NAME='HTSlib'
PACKAGE_STRING='HTSlib 1.4.1'
PACKAGE_TARNAME='htslib'
PACKAGE_URL='http://www.htslib.org/'
PACKAGE_VERSION='1.4.1'
PATH_SEPARATOR=':'
PKG_CONFIG='/usr/bin/pkg-config'
PKG_CONFIG_LIBDIR=''
PKG_CONFIG_PATH=''
PLATFORM='default'
PLUGIN_EXT='.so'
RANLIB='ranlib'
SHELL='/bin/bash'
ac_ct_CC='gcc'
bindir='${exec_prefix}/bin'
build_alias=''
datadir='${datarootdir}'
datarootdir='${prefix}/share'
docdir='${datarootdir}/doc/${PACKAGE_TARNAME}'
dvidir='${docdir}'
enable_plugins='no'
exec_prefix='${prefix}'
gcs='disabled'
host_alias='unknown-Linux'
htmldir='${docdir}'
includedir='${prefix}/include'
infodir='${datarootdir}/info'
libcurl='disabled'
libdir='${exec_prefix}/lib'
libexecdir='${exec_prefix}/libexec'
localedir='${datarootdir}/locale'
localstatedir='${prefix}/var'
mandir='${datarootdir}/man'
oldincludedir='/usr/include'
pc_requires=''
pdfdir='${docdir}'
plugindir='$(libexecdir)/htslib'
pluginpath='$(libexecdir)/htslib'
prefix='/usr/local'
private_LIBS=''
program_transform_name='s,x,x,'
psdir='${docdir}'
runstatedir='${localstatedir}/run'
s3='disabled'
sbindir='${exec_prefix}/sbin'
sharedstatedir='${prefix}/com'
static_LDFLAGS=''
static_LIBS='-lz -lm'
sysconfdir='${prefix}/etc'
target_alias=''

## ----------- ##
## confdefs.h. ##
## ----------- ##

/* confdefs.h */
#define PACKAGE_NAME "HTSlib"
#define PACKAGE_TARNAME "htslib"
#define PACKAGE_VERSION "1.4.1"
#define PACKAGE_STRING "HTSlib 1.4.1"
#define PACKAGE_BUGREPORT "samtools-help@lists.sourceforge.net"
#define PACKAGE_URL "http://www.htslib.org/"
#define STDC_HEADERS 1
#define HAVE_SYS_TYPES_H 1
#define HAVE_SYS_STAT_H 1
#define HAVE_STDLIB_H 1
#define HAVE_STRING_H 1
#define HAVE_MEMORY_H 1
#define HAVE_STRINGS_H 1
#define HAVE_INTTYPES_H 1
#define HAVE_STDINT_H 1
#define HAVE_UNISTD_H 1
#define HAVE_STDLIB_H 1
#define HAVE_UNISTD_H 1
#define HAVE_SYS_PARAM_H 1
#define HAVE_GETPAGESIZE 1
#define HAVE_MMAP 1
#define HAVE_GMTIME_R 1
#define HAVE_FDATASYNC 1
#define HAVE_LIBZ 1

configure: exit 0
